﻿Unloading mods...
Finding Mods...
Sandboxing: BossChecklist
Sandboxing: CalamityMod
Sandboxing: CalamityModMusic
Sandboxing: MagicStorage
Sandboxing: RecipeBrowser
Sandboxing: ThoriumMod
Sandboxing: ThoriamityConvergence
Sandboxing: WingSlot
Instantiating Mods...
Initializing: ModLoader v0.11.6.2
Initializing: BossChecklist v1.0.15
Initializing: CalamityMod v1.4.3.2
Initializing: CalamityModMusic v1.4.3.1
Initializing: MagicStorage v0.4.3.5
Initializing: RecipeBrowser v0.8.5.1
Initializing: ThoriumMod v1.6.2.0
Initializing: ThoriamityConvergence v0.2.1
Initializing: WingSlot v1.7.3
Setting up...
Loading: ModLoader v0.11.6.2
Loading: BossChecklist v1.0.15
Loading: CalamityMod v1.4.3.2
<<Boss Checklist>> CalamityMod has added Desert Scourge to the boss log!
<<Boss Checklist>> CalamityMod has added Giant Clam to the boss log!
<<Boss Checklist>> CalamityMod has added Crabulon to the boss log!
<<Boss Checklist>> CalamityMod has added Hive Mind to the boss log!
<<Boss Checklist>> CalamityMod has added The Perforators to the boss log!
<<Boss Checklist>> CalamityMod has added Slime God to the boss log!
<<Boss Checklist>> CalamityMod has added Cryogen to the boss log!
<<Boss Checklist>> CalamityMod has added Brimstone Elemental to the boss log!
<<Boss Checklist>> CalamityMod has added Aquatic Scourge to the boss log!
<<Boss Checklist>> CalamityMod has added Calamitas to the boss log!
<<Boss Checklist>> CalamityMod has added Great Sand Shark to the boss log!
<<Boss Checklist>> CalamityMod has added Leviathan to the boss log!
<<Boss Checklist>> CalamityMod has added Astrum Aureus to the boss log!
<<Boss Checklist>> CalamityMod has added Plaguebringer Goliath to the boss log!
<<Boss Checklist>> CalamityMod has added Ravager to the boss log!
<<Boss Checklist>> CalamityMod has added Astrum Deus to the boss log!
<<Boss Checklist>> CalamityMod has added Profaned Guardians to the boss log!
<<Boss Checklist>> CalamityMod has added Bumblebirb to the boss log!
<<Boss Checklist>> CalamityMod has added Providence to the boss log!
<<Boss Checklist>> CalamityMod has added Ceaseless Void to the boss log!
<<Boss Checklist>> CalamityMod has added Storm Weaver to the boss log!
<<Boss Checklist>> CalamityMod has added Signus to the boss log!
<<Boss Checklist>> CalamityMod has added Polterghast to the boss log!
<<Boss Checklist>> CalamityMod has added Devourer of Gods to the boss log!
<<Boss Checklist>> CalamityMod has added Yharon to the boss log!
<<Boss Checklist>> CalamityMod has added Supreme Calamitas to the boss log!
Loading: CalamityModMusic v1.4.3.1
Loading: MagicStorage v0.4.3.5
Loading: RecipeBrowser v0.8.5.1
Loading: ThoriumMod v1.6.2.0
<<Boss Checklist>> ThoriumMod has added The Grand Thunder Bird to the boss log!
<<Boss Checklist>> ThoriumMod has added Patch Werk to the boss log!
<<Boss Checklist>> ThoriumMod has added The Queen Jellyfish to the boss log!
<<Boss Checklist>> ThoriumMod has added Viscount to the boss log!
<<Boss Checklist>> ThoriumMod has added Corpse Bloom to the boss log!
<<Boss Checklist>> ThoriumMod has added Granite Energy Storm to the boss log!
<<Boss Checklist>> ThoriumMod has added Buried Champion to the boss log!
<<Boss Checklist>> ThoriumMod has added Star Scouter to the boss log!
<<Boss Checklist>> ThoriumMod has added Borean Strider to the boss log!
<<Boss Checklist>> ThoriumMod has added Coznix, the Fallen Beholder to the boss log!
<<Boss Checklist>> ThoriumMod has added The Lich to the boss log!
<<Boss Checklist>> ThoriumMod has added Abyssion, the Forgotten One to the boss log!
<<Boss Checklist>> ThoriumMod has added The Ragnarök to the boss log!
Loading: ThoriamityConvergence v0.2.1
Loading: WingSlot v1.7.3
Adding Recipes...
Terraria Server v1.3.5.2

Resetting game objects 1%
Resetting game objects 2%
Resetting game objects 3%
Resetting game objects 4%
Resetting game objects 5%
Resetting game objects 6%
Resetting game objects 7%
Resetting game objects 8%
Resetting game objects 9%
Resetting game objects 10%
Resetting game objects 11%
Resetting game objects 12%
Resetting game objects 13%
Resetting game objects 14%
Resetting game objects 15%
Resetting game objects 16%
Resetting game objects 17%
Resetting game objects 18%
Resetting game objects 19%
Resetting game objects 20%
Resetting game objects 21%
Resetting game objects 22%
Resetting game objects 23%
Resetting game objects 24%
Resetting game objects 25%
Resetting game objects 26%
Resetting game objects 27%
Resetting game objects 28%
Resetting game objects 29%
Resetting game objects 30%
Resetting game objects 31%
Resetting game objects 32%
Resetting game objects 33%
Resetting game objects 34%
Resetting game objects 35%
Resetting game objects 36%
Resetting game objects 37%
Resetting game objects 38%
Resetting game objects 39%
Resetting game objects 40%
Resetting game objects 41%
Resetting game objects 42%
Resetting game objects 43%
Resetting game objects 44%
Resetting game objects 45%
Resetting game objects 46%
Resetting game objects 47%
Resetting game objects 48%
Resetting game objects 49%
Resetting game objects 50%
Resetting game objects 51%
Resetting game objects 52%
Resetting game objects 53%
Resetting game objects 54%
Resetting game objects 55%
Resetting game objects 56%
Resetting game objects 57%
Resetting game objects 58%
Resetting game objects 59%
Resetting game objects 60%
Resetting game objects 61%
Resetting game objects 62%
Resetting game objects 63%
Resetting game objects 64%
Resetting game objects 65%
Resetting game objects 66%
Resetting game objects 67%
Resetting game objects 68%
Resetting game objects 69%
Resetting game objects 70%
Resetting game objects 71%
Resetting game objects 72%
Resetting game objects 73%
Resetting game objects 74%
Resetting game objects 75%
Resetting game objects 76%
Resetting game objects 77%
Resetting game objects 78%
Resetting game objects 79%
Resetting game objects 80%
Resetting game objects 81%
Resetting game objects 82%
Resetting game objects 83%
Resetting game objects 84%
Resetting game objects 85%
Resetting game objects 86%
Resetting game objects 87%
Resetting game objects 88%
Resetting game objects 89%
Resetting game objects 90%
Resetting game objects 91%
Resetting game objects 92%
Resetting game objects 93%
Resetting game objects 94%
Resetting game objects 95%
Resetting game objects 96%
Resetting game objects 97%
Resetting game objects 98%
Resetting game objects 99%
Resetting game objects 100%
Loading world data: 1%
Loading world data: 2%
Loading world data: 3%
Loading world data: 4%
Loading world data: 5%
Loading world data: 6%
Loading world data: 7%
Loading world data: 8%
Loading world data: 9%
Loading world data: 10%
Loading world data: 11%
Loading world data: 12%
Loading world data: 13%
Loading world data: 14%
Loading world data: 15%
Loading world data: 16%
Loading world data: 17%
Loading world data: 18%
Loading world data: 19%
Loading world data: 20%
Loading world data: 21%
Loading world data: 22%
Loading world data: 23%
Loading world data: 24%
Loading world data: 25%
Loading world data: 26%
Loading world data: 27%
Loading world data: 28%
Loading world data: 29%
Loading world data: 30%
Loading world data: 31%
Loading world data: 32%
Loading world data: 33%
Loading world data: 34%
Loading world data: 35%
Loading world data: 36%
Loading world data: 37%
Loading world data: 38%
Loading world data: 39%
Loading world data: 40%
Loading world data: 41%
Loading world data: 42%
Loading world data: 43%
Loading world data: 44%
Loading world data: 45%
Loading world data: 46%
Loading world data: 47%
Loading world data: 48%
Loading world data: 49%
Loading world data: 50%
Loading world data: 51%
Loading world data: 52%
Loading world data: 53%
Loading world data: 54%
Loading world data: 55%
Loading world data: 56%
Loading world data: 57%
Loading world data: 58%
Loading world data: 59%
Loading world data: 60%
Loading world data: 61%
Loading world data: 62%
Loading world data: 63%
Loading world data: 64%
Loading world data: 65%
Loading world data: 66%
Loading world data: 67%
Loading world data: 68%
Loading world data: 69%
Loading world data: 70%
Loading world data: 71%
Loading world data: 72%
Loading world data: 73%
Loading world data: 74%
Loading world data: 75%
Loading world data: 76%
Loading world data: 77%
Loading world data: 78%
Loading world data: 79%
Loading world data: 80%
Loading world data: 81%
Loading world data: 82%
Loading world data: 83%
Loading world data: 84%
Loading world data: 85%
Loading world data: 86%
Loading world data: 87%
Loading world data: 88%
Loading world data: 89%
Loading world data: 90%
Loading world data: 91%
Loading world data: 92%
Loading world data: 93%
Loading world data: 94%
Loading world data: 95%
Loading world data: 96%
Loading world data: 97%
Loading world data: 98%
Loading world data: 99%
Loading world data: 100%
Settling liquids 1%
Settling liquids 2%
Settling liquids 3%
Settling liquids 4%
Settling liquids 5%
Settling liquids 6%
Settling liquids 7%
Settling liquids 8%
Settling liquids 9%
Settling liquids 10%
Settling liquids 11%
Settling liquids 12%
Settling liquids 13%
Settling liquids 14%
Settling liquids 15%
Settling liquids 16%
Settling liquids 17%
Settling liquids 18%
Settling liquids 19%
Settling liquids 20%
Settling liquids 21%
Settling liquids 22%
Settling liquids 23%
Settling liquids 24%
Settling liquids 25%
Settling liquids 26%
Settling liquids 27%
Settling liquids 28%
Settling liquids 29%
Settling liquids 30%
Settling liquids 31%
Settling liquids 32%
Settling liquids 33%
Settling liquids 34%
Settling liquids 35%
Settling liquids 36%
Settling liquids 37%
Settling liquids 38%
Settling liquids 39%
Settling liquids 40%
Settling liquids 41%
Settling liquids 42%
Settling liquids 43%
Settling liquids 44%
Settling liquids 45%
Settling liquids 46%
Settling liquids 47%
Settling liquids 48%
Settling liquids 49%
Settling liquids 50%
Settling liquids 52%
Settling liquids 59%
Settling liquids 62%
Settling liquids 63%
Settling liquids 67%
Settling liquids 71%
Settling liquids 75%
Settling liquids 79%
Settling liquids 83%
Settling liquids 86%
Settling liquids 89%
Settling liquids 90%
Settling liquids 91%
Settling liquids 93%
Settling liquids 94%
Settling liquids 95%
Settling liquids 96%
Settling liquids 97%
Settling liquids 98%
Settling liquids 99%
Starting server...
Server started
Running one update...
Terraria Server v1.3.5.2

Listening on port 7777
Type 'help' for a list of commands.

: ﻿﻿﻿﻿Unloading mods...
Finding Mods...
Sandboxing: BossChecklist
Sandboxing: CalamityMod
Sandboxing: CalamityModMusic
Sandboxing: MagicStorage
Sandboxing: RecipeBrowser
Sandboxing: ThoriumMod
Sandboxing: ThoriamityConvergence
Sandboxing: WingSlot
Instantiating Mods...
Initializing: ModLoader v0.11.6.2
Initializing: BossChecklist v1.0.15
Initializing: CalamityMod v1.4.3.2
Initializing: CalamityModMusic v1.4.3.1
Initializing: MagicStorage v0.4.3.5
Initializing: RecipeBrowser v0.8.5.1
Initializing: ThoriumMod v1.6.2.0
Initializing: ThoriamityConvergence v0.2.1
Initializing: WingSlot v1.7.3
Setting up...
Loading: ModLoader v0.11.6.2
Loading: BossChecklist v1.0.15
Loading: CalamityMod v1.4.3.2
<<Boss Checklist>> CalamityMod has added Desert Scourge to the boss log!
<<Boss Checklist>> CalamityMod has added Giant Clam to the boss log!
<<Boss Checklist>> CalamityMod has added Crabulon to the boss log!
<<Boss Checklist>> CalamityMod has added Hive Mind to the boss log!
<<Boss Checklist>> CalamityMod has added The Perforators to the boss log!
<<Boss Checklist>> CalamityMod has added Slime God to the boss log!
<<Boss Checklist>> CalamityMod has added Cryogen to the boss log!
<<Boss Checklist>> CalamityMod has added Brimstone Elemental to the boss log!
<<Boss Checklist>> CalamityMod has added Aquatic Scourge to the boss log!
<<Boss Checklist>> CalamityMod has added Calamitas to the boss log!
<<Boss Checklist>> CalamityMod has added Great Sand Shark to the boss log!
<<Boss Checklist>> CalamityMod has added Leviathan to the boss log!
<<Boss Checklist>> CalamityMod has added Astrum Aureus to the boss log!
<<Boss Checklist>> CalamityMod has added Plaguebringer Goliath to the boss log!
<<Boss Checklist>> CalamityMod has added Ravager to the boss log!
<<Boss Checklist>> CalamityMod has added Astrum Deus to the boss log!
<<Boss Checklist>> CalamityMod has added Profaned Guardians to the boss log!
<<Boss Checklist>> CalamityMod has added Bumblebirb to the boss log!
<<Boss Checklist>> CalamityMod has added Providence to the boss log!
<<Boss Checklist>> CalamityMod has added Ceaseless Void to the boss log!
<<Boss Checklist>> CalamityMod has added Storm Weaver to the boss log!
<<Boss Checklist>> CalamityMod has added Signus to the boss log!
<<Boss Checklist>> CalamityMod has added Polterghast to the boss log!
<<Boss Checklist>> CalamityMod has added Devourer of Gods to the boss log!
<<Boss Checklist>> CalamityMod has added Yharon to the boss log!
<<Boss Checklist>> CalamityMod has added Supreme Calamitas to the boss log!
Loading: CalamityModMusic v1.4.3.1
Loading: MagicStorage v0.4.3.5
Loading: RecipeBrowser v0.8.5.1
Loading: ThoriumMod v1.6.2.0
<<Boss Checklist>> ThoriumMod has added The Grand Thunder Bird to the boss log!
<<Boss Checklist>> ThoriumMod has added Patch Werk to the boss log!
<<Boss Checklist>> ThoriumMod has added The Queen Jellyfish to the boss log!
<<Boss Checklist>> ThoriumMod has added Viscount to the boss log!
<<Boss Checklist>> ThoriumMod has added Corpse Bloom to the boss log!
<<Boss Checklist>> ThoriumMod has added Granite Energy Storm to the boss log!
<<Boss Checklist>> ThoriumMod has added Buried Champion to the boss log!
<<Boss Checklist>> ThoriumMod has added Star Scouter to the boss log!
<<Boss Checklist>> ThoriumMod has added Borean Strider to the boss log!
<<Boss Checklist>> ThoriumMod has added Coznix, the Fallen Beholder to the boss log!
<<Boss Checklist>> ThoriumMod has added The Lich to the boss log!
<<Boss Checklist>> ThoriumMod has added Abyssion, the Forgotten One to the boss log!
<<Boss Checklist>> ThoriumMod has added The Ragnarök to the boss log!
Loading: ThoriamityConvergence v0.2.1
Loading: WingSlot v1.7.3
Adding Recipes...
Terraria Server v1.3.5.2

Resetting game objects 1%
Resetting game objects 2%
Resetting game objects 3%
Resetting game objects 4%
Resetting game objects 5%
Resetting game objects 6%
Resetting game objects 7%
Resetting game objects 8%
Resetting game objects 9%
Resetting game objects 10%
Resetting game objects 11%
Resetting game objects 12%
Resetting game objects 13%
Resetting game objects 14%
Resetting game objects 15%
Resetting game objects 16%
Resetting game objects 17%
Resetting game objects 18%
Resetting game objects 19%
Resetting game objects 20%
Resetting game objects 21%
Resetting game objects 22%
Resetting game objects 23%
Resetting game objects 24%
Resetting game objects 25%
Resetting game objects 26%
Resetting game objects 27%
Resetting game objects 28%
Resetting game objects 29%
Resetting game objects 30%
Resetting game objects 31%
Resetting game objects 32%
Resetting game objects 33%
Resetting game objects 34%
Resetting game objects 35%
Resetting game objects 36%
Resetting game objects 37%
Resetting game objects 38%
Resetting game objects 39%
Resetting game objects 40%
Resetting game objects 41%
Resetting game objects 42%
Resetting game objects 43%
Resetting game objects 44%
Resetting game objects 45%
Resetting game objects 46%
Resetting game objects 47%
Resetting game objects 48%
Resetting game objects 49%
Resetting game objects 50%
Resetting game objects 51%
Resetting game objects 52%
Resetting game objects 53%
Resetting game objects 54%
Resetting game objects 55%
Resetting game objects 56%
Resetting game objects 57%
Resetting game objects 58%
Resetting game objects 59%
Resetting game objects 60%
Resetting game objects 61%
Resetting game objects 62%
Resetting game objects 63%
Resetting game objects 64%
Resetting game objects 65%
Resetting game objects 66%
Resetting game objects 67%
Resetting game objects 68%
Resetting game objects 69%
Resetting game objects 70%
Resetting game objects 71%
Resetting game objects 72%
Resetting game objects 73%
Resetting game objects 74%
Resetting game objects 75%
Resetting game objects 76%
Resetting game objects 77%
Resetting game objects 78%
Resetting game objects 79%
Resetting game objects 80%
Resetting game objects 81%
Resetting game objects 82%
Resetting game objects 83%
Resetting game objects 84%
Resetting game objects 85%
Resetting game objects 86%
Resetting game objects 87%
Resetting game objects 88%
Resetting game objects 89%
Resetting game objects 90%
Resetting game objects 91%
Resetting game objects 92%
Resetting game objects 93%
Resetting game objects 94%
Resetting game objects 95%
Resetting game objects 96%
Resetting game objects 97%
Resetting game objects 98%
Resetting game objects 99%
Resetting game objects 100%
Loading world data: 1%
Loading world data: 2%
Loading world data: 3%
Loading world data: 4%
Loading world data: 5%
Loading world data: 6%
Loading world data: 7%
Loading world data: 8%
Loading world data: 9%
Loading world data: 10%
Loading world data: 11%
Loading world data: 12%
Loading world data: 13%
Loading world data: 14%
Loading world data: 15%
Loading world data: 16%
Loading world data: 17%
Loading world data: 18%
Loading world data: 19%
Loading world data: 20%
Loading world data: 21%
Loading world data: 22%
Loading world data: 23%
Loading world data: 24%
Loading world data: 25%
Loading world data: 26%
Loading world data: 27%
Loading world data: 28%
Loading world data: 29%
Loading world data: 30%
Loading world data: 31%
Loading world data: 32%
Loading world data: 33%
Loading world data: 34%
Loading world data: 35%
Loading world data: 36%
Loading world data: 37%
Loading world data: 38%
Loading world data: 39%
Loading world data: 40%
Loading world data: 41%
Loading world data: 42%
Loading world data: 43%
Loading world data: 44%
Loading world data: 45%
Loading world data: 46%
Loading world data: 47%
Loading world data: 48%
Loading world data: 49%
Loading world data: 50%
Loading world data: 51%
Loading world data: 52%
Loading world data: 53%
Loading world data: 54%
Loading world data: 55%
Loading world data: 56%
Loading world data: 57%
Loading world data: 58%
Loading world data: 59%
Loading world data: 60%
Loading world data: 61%
Loading world data: 62%
Loading world data: 63%
Loading world data: 64%
Loading world data: 65%
Loading world data: 66%
Loading world data: 67%
Loading world data: 68%
Loading world data: 69%
Loading world data: 70%
Loading world data: 71%
Loading world data: 72%
Loading world data: 73%
Loading world data: 74%
Loading world data: 75%
Loading world data: 76%
Loading world data: 77%
Loading world data: 78%
Loading world data: 79%
Loading world data: 80%
Loading world data: 81%
Loading world data: 82%
Loading world data: 83%
Loading world data: 84%
Loading world data: 85%
Loading world data: 86%
Loading world data: 87%
Loading world data: 88%
Loading world data: 89%
Loading world data: 90%
Loading world data: 91%
Loading world data: 92%
Loading world data: 93%
Loading world data: 94%
Loading world data: 95%
Loading world data: 96%
Loading world data: 97%
Loading world data: 98%
Loading world data: 99%
Loading world data: 100%
Settling liquids 1%
Settling liquids 2%
Settling liquids 3%
Settling liquids 4%
Settling liquids 5%
Settling liquids 6%
Settling liquids 7%
Settling liquids 8%
Settling liquids 9%
Settling liquids 10%
Settling liquids 11%
Settling liquids 12%
Settling liquids 13%
Settling liquids 14%
Settling liquids 15%
Settling liquids 16%
Settling liquids 17%
Settling liquids 18%
Settling liquids 19%
Settling liquids 20%
Settling liquids 21%
Settling liquids 22%
Settling liquids 23%
Settling liquids 24%
Settling liquids 25%
Settling liquids 26%
Settling liquids 27%
Settling liquids 28%
Settling liquids 29%
Settling liquids 30%
Settling liquids 31%
Settling liquids 32%
Settling liquids 33%
Settling liquids 34%
Settling liquids 35%
Settling liquids 36%
Settling liquids 37%
Settling liquids 38%
Settling liquids 39%
Settling liquids 40%
Settling liquids 41%
Settling liquids 42%
Settling liquids 43%
Settling liquids 44%
Settling liquids 45%
Settling liquids 46%
Settling liquids 47%
Settling liquids 48%
Settling liquids 49%
Settling liquids 50%
Settling liquids 52%
Settling liquids 59%
Settling liquids 62%
Settling liquids 63%
Settling liquids 67%
Settling liquids 71%
Settling liquids 75%
Settling liquids 79%
Settling liquids 83%
Settling liquids 86%
Settling liquids 89%
Settling liquids 90%
Settling liquids 91%
Settling liquids 93%
Settling liquids 94%
Settling liquids 95%
Settling liquids 96%
Settling liquids 97%
Settling liquids 98%
Settling liquids 99%
Starting server...
Server started
Running one update...
Terraria Server v1.3.5.2

Listening on port 7777
Type 'help' for a list of commands.

: ﻿﻿﻿﻿Unloading mods...
Finding Mods...
Sandboxing: BossChecklist
Sandboxing: CalamityMod
Sandboxing: CalamityModMusic
Sandboxing: MagicStorage
Sandboxing: RecipeBrowser
Sandboxing: ThoriumMod
Sandboxing: ThoriamityConvergence
Sandboxing: WingSlot
Instantiating Mods...
Initializing: ModLoader v0.11.6.2
Initializing: BossChecklist v1.0.15
Initializing: CalamityMod v1.4.3.2
Initializing: CalamityModMusic v1.4.3.1
Initializing: MagicStorage v0.4.3.5
Initializing: RecipeBrowser v0.8.5.1
Initializing: ThoriumMod v1.6.2.0
Initializing: ThoriamityConvergence v0.2.1
Initializing: WingSlot v1.7.3
Setting up...
Loading: ModLoader v0.11.6.2
Loading: BossChecklist v1.0.15
Loading: CalamityMod v1.4.3.2
<<Boss Checklist>> CalamityMod has added Desert Scourge to the boss log!
<<Boss Checklist>> CalamityMod has added Giant Clam to the boss log!
<<Boss Checklist>> CalamityMod has added Crabulon to the boss log!
<<Boss Checklist>> CalamityMod has added Hive Mind to the boss log!
<<Boss Checklist>> CalamityMod has added The Perforators to the boss log!
<<Boss Checklist>> CalamityMod has added Slime God to the boss log!
<<Boss Checklist>> CalamityMod has added Cryogen to the boss log!
<<Boss Checklist>> CalamityMod has added Brimstone Elemental to the boss log!
<<Boss Checklist>> CalamityMod has added Aquatic Scourge to the boss log!
<<Boss Checklist>> CalamityMod has added Calamitas to the boss log!
<<Boss Checklist>> CalamityMod has added Great Sand Shark to the boss log!
<<Boss Checklist>> CalamityMod has added Leviathan to the boss log!
<<Boss Checklist>> CalamityMod has added Astrum Aureus to the boss log!
<<Boss Checklist>> CalamityMod has added Plaguebringer Goliath to the boss log!
<<Boss Checklist>> CalamityMod has added Ravager to the boss log!
<<Boss Checklist>> CalamityMod has added Astrum Deus to the boss log!
<<Boss Checklist>> CalamityMod has added Profaned Guardians to the boss log!
<<Boss Checklist>> CalamityMod has added Bumblebirb to the boss log!
<<Boss Checklist>> CalamityMod has added Providence to the boss log!
<<Boss Checklist>> CalamityMod has added Ceaseless Void to the boss log!
<<Boss Checklist>> CalamityMod has added Storm Weaver to the boss log!
<<Boss Checklist>> CalamityMod has added Signus to the boss log!
<<Boss Checklist>> CalamityMod has added Polterghast to the boss log!
<<Boss Checklist>> CalamityMod has added Devourer of Gods to the boss log!
<<Boss Checklist>> CalamityMod has added Yharon to the boss log!
<<Boss Checklist>> CalamityMod has added Supreme Calamitas to the boss log!
Loading: CalamityModMusic v1.4.3.1
Loading: MagicStorage v0.4.3.5
Loading: RecipeBrowser v0.8.5.1
Loading: ThoriumMod v1.6.2.0
<<Boss Checklist>> ThoriumMod has added The Grand Thunder Bird to the boss log!
<<Boss Checklist>> ThoriumMod has added Patch Werk to the boss log!
<<Boss Checklist>> ThoriumMod has added The Queen Jellyfish to the boss log!
<<Boss Checklist>> ThoriumMod has added Viscount to the boss log!
<<Boss Checklist>> ThoriumMod has added Corpse Bloom to the boss log!
<<Boss Checklist>> ThoriumMod has added Granite Energy Storm to the boss log!
<<Boss Checklist>> ThoriumMod has added Buried Champion to the boss log!
<<Boss Checklist>> ThoriumMod has added Star Scouter to the boss log!
<<Boss Checklist>> ThoriumMod has added Borean Strider to the boss log!
<<Boss Checklist>> ThoriumMod has added Coznix, the Fallen Beholder to the boss log!
<<Boss Checklist>> ThoriumMod has added The Lich to the boss log!
<<Boss Checklist>> ThoriumMod has added Abyssion, the Forgotten One to the boss log!
<<Boss Checklist>> ThoriumMod has added The Ragnarök to the boss log!
Loading: ThoriamityConvergence v0.2.1
Loading: WingSlot v1.7.3
Adding Recipes...
Terraria Server v1.3.5.2

Resetting game objects 1%
Resetting game objects 2%
Resetting game objects 3%
Resetting game objects 4%
Resetting game objects 5%
Resetting game objects 6%
Resetting game objects 7%
Resetting game objects 8%
Resetting game objects 9%
Resetting game objects 10%
Resetting game objects 11%
Resetting game objects 12%
Resetting game objects 13%
Resetting game objects 14%
Resetting game objects 15%
Resetting game objects 16%
Resetting game objects 17%
Resetting game objects 18%
Resetting game objects 19%
Resetting game objects 20%
Resetting game objects 21%
Resetting game objects 22%
Resetting game objects 23%
Resetting game objects 24%
Resetting game objects 25%
Resetting game objects 26%
Resetting game objects 27%
Resetting game objects 28%
Resetting game objects 29%
Resetting game objects 30%
Resetting game objects 31%
Resetting game objects 32%
Resetting game objects 33%
Resetting game objects 34%
Resetting game objects 35%
Resetting game objects 36%
Resetting game objects 37%
Resetting game objects 38%
Resetting game objects 39%
Resetting game objects 40%
Resetting game objects 41%
Resetting game objects 42%
Resetting game objects 43%
Resetting game objects 44%
Resetting game objects 45%
Resetting game objects 46%
Resetting game objects 47%
Resetting game objects 48%
Resetting game objects 49%
Resetting game objects 50%
Resetting game objects 51%
Resetting game objects 52%
Resetting game objects 53%
Resetting game objects 54%
Resetting game objects 55%
Resetting game objects 56%
Resetting game objects 57%
Resetting game objects 58%
Resetting game objects 59%
Resetting game objects 60%
Resetting game objects 61%
Resetting game objects 62%
Resetting game objects 63%
Resetting game objects 64%
Resetting game objects 65%
Resetting game objects 66%
Resetting game objects 67%
Resetting game objects 68%
Resetting game objects 69%
Resetting game objects 70%
Resetting game objects 71%
Resetting game objects 72%
Resetting game objects 73%
Resetting game objects 74%
Resetting game objects 75%
Resetting game objects 76%
Resetting game objects 77%
Resetting game objects 78%
Resetting game objects 79%
Resetting game objects 80%
Resetting game objects 81%
Resetting game objects 82%
Resetting game objects 83%
Resetting game objects 84%
Resetting game objects 85%
Resetting game objects 86%
Resetting game objects 87%
Resetting game objects 88%
Resetting game objects 89%
Resetting game objects 90%
Resetting game objects 91%
Resetting game objects 92%
Resetting game objects 93%
Resetting game objects 94%
Resetting game objects 95%
Resetting game objects 96%
Resetting game objects 97%
Resetting game objects 98%
Resetting game objects 99%
Resetting game objects 100%
Loading world data: 1%
Loading world data: 2%
Loading world data: 3%
Loading world data: 4%
Loading world data: 5%
Loading world data: 6%
Loading world data: 7%
Loading world data: 8%
Loading world data: 9%
Loading world data: 10%
Loading world data: 11%
Loading world data: 12%
Loading world data: 13%
Loading world data: 14%
Loading world data: 15%
Loading world data: 16%
Loading world data: 17%
Loading world data: 18%
Loading world data: 19%
Loading world data: 20%
Loading world data: 21%
Loading world data: 22%
Loading world data: 23%
Loading world data: 24%
Loading world data: 25%
Loading world data: 26%
Loading world data: 27%
Loading world data: 28%
Loading world data: 29%
Loading world data: 30%
Loading world data: 31%
Loading world data: 32%
Loading world data: 33%
Loading world data: 34%
Loading world data: 35%
Loading world data: 36%
Loading world data: 37%
Loading world data: 38%
Loading world data: 39%
Loading world data: 40%
Loading world data: 41%
Loading world data: 42%
Loading world data: 43%
Loading world data: 44%
Loading world data: 45%
Loading world data: 46%
Loading world data: 47%
Loading world data: 48%
Loading world data: 49%
Loading world data: 50%
Loading world data: 51%
Loading world data: 52%
Loading world data: 53%
Loading world data: 54%
Loading world data: 55%
Loading world data: 56%
Loading world data: 57%
Loading world data: 58%
Loading world data: 59%
Loading world data: 60%
Loading world data: 61%
Loading world data: 62%
Loading world data: 63%
Loading world data: 64%
Loading world data: 65%
Loading world data: 66%
Loading world data: 67%
Loading world data: 68%
Loading world data: 69%
Loading world data: 70%
Loading world data: 71%
Loading world data: 72%
Loading world data: 73%
Loading world data: 74%
Loading world data: 75%
Loading world data: 76%
Loading world data: 77%
Loading world data: 78%
Loading world data: 79%
Loading world data: 80%
Loading world data: 81%
Loading world data: 82%
Loading world data: 83%
Loading world data: 84%
Loading world data: 85%
Loading world data: 86%
Loading world data: 87%
Loading world data: 88%
Loading world data: 89%
Loading world data: 90%
Loading world data: 91%
Loading world data: 92%
Loading world data: 93%
Loading world data: 94%
Loading world data: 95%
Loading world data: 96%
Loading world data: 97%
Loading world data: 98%
Loading world data: 99%
Loading world data: 100%
Settling liquids 1%
Settling liquids 2%
Settling liquids 3%
Settling liquids 4%
Settling liquids 5%
Settling liquids 6%
Settling liquids 7%
Settling liquids 8%
Settling liquids 9%
Settling liquids 10%
Settling liquids 11%
Settling liquids 12%
Settling liquids 13%
Settling liquids 14%
Settling liquids 15%
Settling liquids 16%
Settling liquids 17%
Settling liquids 18%
Settling liquids 19%
Settling liquids 20%
Settling liquids 21%
Settling liquids 22%
Settling liquids 23%
Settling liquids 24%
Settling liquids 25%
Settling liquids 26%
Settling liquids 27%
Settling liquids 28%
Settling liquids 29%
Settling liquids 30%
Settling liquids 31%
Settling liquids 32%
Settling liquids 33%
Settling liquids 34%
Settling liquids 35%
Settling liquids 36%
Settling liquids 37%
Settling liquids 38%
Settling liquids 39%
Settling liquids 40%
Settling liquids 41%
Settling liquids 42%
Settling liquids 43%
Settling liquids 44%
Settling liquids 45%
Settling liquids 46%
Settling liquids 47%
Settling liquids 48%
Settling liquids 49%
Settling liquids 50%
Settling liquids 52%
Settling liquids 59%
Settling liquids 62%
Settling liquids 63%
Settling liquids 67%
Settling liquids 71%
Settling liquids 75%
Settling liquids 79%
Settling liquids 83%
Settling liquids 86%
Settling liquids 89%
Settling liquids 90%
Settling liquids 91%
Settling liquids 93%
Settling liquids 94%
Settling liquids 95%
Settling liquids 96%
Settling liquids 97%
Settling liquids 98%
Settling liquids 99%
Starting server...
Server started
Running one update...
Terraria Server v1.3.5.2

Listening on port 7777
Type 'help' for a list of commands.

: ﻿﻿﻿﻿Unloading mods...
Finding Mods...
Sandboxing: BossChecklist
Sandboxing: CalamityMod
Sandboxing: CalamityModMusic
Sandboxing: MagicStorage
Sandboxing: RecipeBrowser
Sandboxing: ThoriumMod
Sandboxing: ThoriamityConvergence
Sandboxing: WingSlot
Instantiating Mods...
Initializing: ModLoader v0.11.6.2
Initializing: BossChecklist v1.0.15
Initializing: CalamityMod v1.4.3.2
Initializing: CalamityModMusic v1.4.3.1
Initializing: MagicStorage v0.4.3.5
Initializing: RecipeBrowser v0.8.5.1
Initializing: ThoriumMod v1.6.2.0
Initializing: ThoriamityConvergence v0.2.1
Initializing: WingSlot v1.7.3
Setting up...
Loading: ModLoader v0.11.6.2
Loading: BossChecklist v1.0.15
Loading: CalamityMod v1.4.3.2
<<Boss Checklist>> CalamityMod has added Desert Scourge to the boss log!
<<Boss Checklist>> CalamityMod has added Giant Clam to the boss log!
<<Boss Checklist>> CalamityMod has added Crabulon to the boss log!
<<Boss Checklist>> CalamityMod has added Hive Mind to the boss log!
<<Boss Checklist>> CalamityMod has added The Perforators to the boss log!
<<Boss Checklist>> CalamityMod has added Slime God to the boss log!
<<Boss Checklist>> CalamityMod has added Cryogen to the boss log!
<<Boss Checklist>> CalamityMod has added Brimstone Elemental to the boss log!
<<Boss Checklist>> CalamityMod has added Aquatic Scourge to the boss log!
<<Boss Checklist>> CalamityMod has added Calamitas to the boss log!
<<Boss Checklist>> CalamityMod has added Great Sand Shark to the boss log!
<<Boss Checklist>> CalamityMod has added Leviathan to the boss log!
<<Boss Checklist>> CalamityMod has added Astrum Aureus to the boss log!
<<Boss Checklist>> CalamityMod has added Plaguebringer Goliath to the boss log!
<<Boss Checklist>> CalamityMod has added Ravager to the boss log!
<<Boss Checklist>> CalamityMod has added Astrum Deus to the boss log!
<<Boss Checklist>> CalamityMod has added Profaned Guardians to the boss log!
<<Boss Checklist>> CalamityMod has added Bumblebirb to the boss log!
<<Boss Checklist>> CalamityMod has added Providence to the boss log!
<<Boss Checklist>> CalamityMod has added Ceaseless Void to the boss log!
<<Boss Checklist>> CalamityMod has added Storm Weaver to the boss log!
<<Boss Checklist>> CalamityMod has added Signus to the boss log!
<<Boss Checklist>> CalamityMod has added Polterghast to the boss log!
<<Boss Checklist>> CalamityMod has added Devourer of Gods to the boss log!
<<Boss Checklist>> CalamityMod has added Yharon to the boss log!
<<Boss Checklist>> CalamityMod has added Supreme Calamitas to the boss log!
Loading: CalamityModMusic v1.4.3.1
Loading: MagicStorage v0.4.3.5
Loading: RecipeBrowser v0.8.5.1
Loading: ThoriumMod v1.6.2.0
<<Boss Checklist>> ThoriumMod has added The Grand Thunder Bird to the boss log!
<<Boss Checklist>> ThoriumMod has added Patch Werk to the boss log!
<<Boss Checklist>> ThoriumMod has added The Queen Jellyfish to the boss log!
<<Boss Checklist>> ThoriumMod has added Viscount to the boss log!
<<Boss Checklist>> ThoriumMod has added Corpse Bloom to the boss log!
<<Boss Checklist>> ThoriumMod has added Granite Energy Storm to the boss log!
<<Boss Checklist>> ThoriumMod has added Buried Champion to the boss log!
<<Boss Checklist>> ThoriumMod has added Star Scouter to the boss log!
<<Boss Checklist>> ThoriumMod has added Borean Strider to the boss log!
<<Boss Checklist>> ThoriumMod has added Coznix, the Fallen Beholder to the boss log!
<<Boss Checklist>> ThoriumMod has added The Lich to the boss log!
<<Boss Checklist>> ThoriumMod has added Abyssion, the Forgotten One to the boss log!
<<Boss Checklist>> ThoriumMod has added The Ragnarök to the boss log!
Loading: ThoriamityConvergence v0.2.1
Loading: WingSlot v1.7.3
Adding Recipes...
Terraria Server v1.3.5.2

Resetting game objects 1%
Resetting game objects 2%
Resetting game objects 3%
Resetting game objects 4%
Resetting game objects 5%
Resetting game objects 6%
Resetting game objects 7%
Resetting game objects 8%
Resetting game objects 9%
Resetting game objects 10%
Resetting game objects 11%
Resetting game objects 12%
Resetting game objects 13%
Resetting game objects 14%
Resetting game objects 15%
Resetting game objects 16%
Resetting game objects 17%
Resetting game objects 18%
Resetting game objects 19%
Resetting game objects 20%
Resetting game objects 21%
Resetting game objects 22%
Resetting game objects 23%
Resetting game objects 24%
Resetting game objects 25%
Resetting game objects 26%
Resetting game objects 27%
Resetting game objects 28%
Resetting game objects 29%
Resetting game objects 30%
Resetting game objects 31%
Resetting game objects 32%
Resetting game objects 33%
Resetting game objects 34%
Resetting game objects 35%
Resetting game objects 36%
Resetting game objects 37%
Resetting game objects 38%
Resetting game objects 39%
Resetting game objects 40%
Resetting game objects 41%
Resetting game objects 42%
Resetting game objects 43%
Resetting game objects 44%
Resetting game objects 45%
Resetting game objects 46%
Resetting game objects 47%
Resetting game objects 48%
Resetting game objects 49%
Resetting game objects 50%
Resetting game objects 51%
Resetting game objects 52%
Resetting game objects 53%
Resetting game objects 54%
Resetting game objects 55%
Resetting game objects 56%
Resetting game objects 57%
Resetting game objects 58%
Resetting game objects 59%
Resetting game objects 60%
Resetting game objects 61%
Resetting game objects 62%
Resetting game objects 63%
Resetting game objects 64%
Resetting game objects 65%
Resetting game objects 66%
Resetting game objects 67%
Resetting game objects 68%
Resetting game objects 69%
Resetting game objects 70%
Resetting game objects 71%
Resetting game objects 72%
Resetting game objects 73%
Resetting game objects 74%
Resetting game objects 75%
Resetting game objects 76%
Resetting game objects 77%
Resetting game objects 78%
Resetting game objects 79%
Resetting game objects 80%
Resetting game objects 81%
Resetting game objects 82%
Resetting game objects 83%
Resetting game objects 84%
Resetting game objects 85%
Resetting game objects 86%
Resetting game objects 87%
Resetting game objects 88%
Resetting game objects 89%
Resetting game objects 90%
Resetting game objects 91%
Resetting game objects 92%
Resetting game objects 93%
Resetting game objects 94%
Resetting game objects 95%
Resetting game objects 96%
Resetting game objects 97%
Resetting game objects 98%
Resetting game objects 99%
Resetting game objects 100%
Loading world data: 1%
Loading world data: 2%
Loading world data: 3%
Loading world data: 4%
Loading world data: 5%
Loading world data: 6%
Loading world data: 7%
Loading world data: 8%
Loading world data: 9%
Loading world data: 10%
Loading world data: 11%
Loading world data: 12%
Loading world data: 13%
Loading world data: 14%
Loading world data: 15%
Loading world data: 16%
Loading world data: 17%
Loading world data: 18%
Loading world data: 19%
Loading world data: 20%
Loading world data: 21%
Loading world data: 22%
Loading world data: 23%
Loading world data: 24%
Loading world data: 25%
Loading world data: 26%
Loading world data: 27%
Loading world data: 28%
Loading world data: 29%
Loading world data: 30%
Loading world data: 31%
Loading world data: 32%
Loading world data: 33%
Loading world data: 34%
Loading world data: 35%
Loading world data: 36%
Loading world data: 37%
Loading world data: 38%
Loading world data: 39%
Loading world data: 40%
Loading world data: 41%
Loading world data: 42%
Loading world data: 43%
Loading world data: 44%
Loading world data: 45%
Loading world data: 46%
Loading world data: 47%
Loading world data: 48%
Loading world data: 49%
Loading world data: 50%
Loading world data: 51%
Loading world data: 52%
Loading world data: 53%
Loading world data: 54%
Loading world data: 55%
Loading world data: 56%
Loading world data: 57%
Loading world data: 58%
Loading world data: 59%
Loading world data: 60%
Loading world data: 61%
Loading world data: 62%
Loading world data: 63%
Loading world data: 64%
Loading world data: 65%
Loading world data: 66%
Loading world data: 67%
Loading world data: 68%
Loading world data: 69%
Loading world data: 70%
Loading world data: 71%
Loading world data: 72%
Loading world data: 73%
Loading world data: 74%
Loading world data: 75%
Loading world data: 76%
Loading world data: 77%
Loading world data: 78%
Loading world data: 79%
Loading world data: 80%
Loading world data: 81%
Loading world data: 82%
Loading world data: 83%
Loading world data: 84%
Loading world data: 85%
Loading world data: 86%
Loading world data: 87%
Loading world data: 88%
Loading world data: 89%
Loading world data: 90%
Loading world data: 91%
Loading world data: 92%
Loading world data: 93%
Loading world data: 94%
Loading world data: 95%
Loading world data: 96%
Loading world data: 97%
Loading world data: 98%
Loading world data: 99%
Loading world data: 100%
Settling liquids 1%
Settling liquids 2%
Settling liquids 3%
Settling liquids 4%
Settling liquids 5%
Settling liquids 6%
Settling liquids 7%
Settling liquids 8%
Settling liquids 9%
Settling liquids 10%
Settling liquids 11%
Settling liquids 12%
Settling liquids 13%
Settling liquids 14%
Settling liquids 15%
Settling liquids 16%
Settling liquids 17%
Settling liquids 18%
Settling liquids 19%
Settling liquids 20%
Settling liquids 21%
Settling liquids 22%
Settling liquids 23%
Settling liquids 24%
Settling liquids 25%
Settling liquids 26%
Settling liquids 27%
Settling liquids 28%
Settling liquids 29%
Settling liquids 30%
Settling liquids 31%
Settling liquids 32%
Settling liquids 33%
Settling liquids 34%
Settling liquids 35%
Settling liquids 36%
Settling liquids 37%
Settling liquids 38%
Settling liquids 39%
Settling liquids 40%
Settling liquids 41%
Settling liquids 42%
Settling liquids 43%
Settling liquids 44%
Settling liquids 45%
Settling liquids 46%
Settling liquids 47%
Settling liquids 48%
Settling liquids 49%
Settling liquids 50%
Settling liquids 52%
Settling liquids 59%
Settling liquids 62%
Settling liquids 63%
Settling liquids 67%
Settling liquids 71%
Settling liquids 75%
Settling liquids 79%
Settling liquids 83%
Settling liquids 86%
Settling liquids 89%
Settling liquids 90%
Settling liquids 91%
Settling liquids 93%
Settling liquids 94%
Settling liquids 95%
Settling liquids 96%
Settling liquids 97%
Settling liquids 98%
Settling liquids 99%
Starting server...
Server started
Running one update...
94.212.136.192:57800 is connecting...
Terraria Server v1.3.5.2

Listening on port 7777
Type 'help' for a list of commands.

: ﻿﻿﻿﻿Unloading mods...
Finding Mods...
Sandboxing: BossChecklist
Sandboxing: CalamityMod
Sandboxing: CalamityModMusic
Sandboxing: MagicStorage
Sandboxing: RecipeBrowser
Sandboxing: ThoriumMod
Sandboxing: ThoriamityConvergence
Sandboxing: WingSlot
Instantiating Mods...
Initializing: ModLoader v0.11.6.2
Initializing: BossChecklist v1.0.15
Initializing: CalamityMod v1.4.3.2
Initializing: CalamityModMusic v1.4.3.1
Initializing: MagicStorage v0.4.3.5
Initializing: RecipeBrowser v0.8.5.1
Initializing: ThoriumMod v1.6.2.0
Initializing: ThoriamityConvergence v0.2.1
Initializing: WingSlot v1.7.3
Setting up...
Loading: ModLoader v0.11.6.2
Loading: BossChecklist v1.0.15
Loading: CalamityMod v1.4.3.2
<<Boss Checklist>> CalamityMod has added Desert Scourge to the boss log!
<<Boss Checklist>> CalamityMod has added Giant Clam to the boss log!
<<Boss Checklist>> CalamityMod has added Crabulon to the boss log!
<<Boss Checklist>> CalamityMod has added Hive Mind to the boss log!
<<Boss Checklist>> CalamityMod has added The Perforators to the boss log!
<<Boss Checklist>> CalamityMod has added Slime God to the boss log!
<<Boss Checklist>> CalamityMod has added Cryogen to the boss log!
<<Boss Checklist>> CalamityMod has added Brimstone Elemental to the boss log!
<<Boss Checklist>> CalamityMod has added Aquatic Scourge to the boss log!
<<Boss Checklist>> CalamityMod has added Calamitas to the boss log!
<<Boss Checklist>> CalamityMod has added Great Sand Shark to the boss log!
<<Boss Checklist>> CalamityMod has added Leviathan to the boss log!
<<Boss Checklist>> CalamityMod has added Astrum Aureus to the boss log!
<<Boss Checklist>> CalamityMod has added Plaguebringer Goliath to the boss log!
<<Boss Checklist>> CalamityMod has added Ravager to the boss log!
<<Boss Checklist>> CalamityMod has added Astrum Deus to the boss log!
<<Boss Checklist>> CalamityMod has added Profaned Guardians to the boss log!
<<Boss Checklist>> CalamityMod has added Bumblebirb to the boss log!
<<Boss Checklist>> CalamityMod has added Providence to the boss log!
<<Boss Checklist>> CalamityMod has added Ceaseless Void to the boss log!
<<Boss Checklist>> CalamityMod has added Storm Weaver to the boss log!
<<Boss Checklist>> CalamityMod has added Signus to the boss log!
<<Boss Checklist>> CalamityMod has added Polterghast to the boss log!
<<Boss Checklist>> CalamityMod has added Devourer of Gods to the boss log!
<<Boss Checklist>> CalamityMod has added Yharon to the boss log!
<<Boss Checklist>> CalamityMod has added Supreme Calamitas to the boss log!
Loading: CalamityModMusic v1.4.3.1
Loading: MagicStorage v0.4.3.5
Loading: RecipeBrowser v0.8.5.1
Loading: ThoriumMod v1.6.2.0
<<Boss Checklist>> ThoriumMod has added The Grand Thunder Bird to the boss log!
<<Boss Checklist>> ThoriumMod has added Patch Werk to the boss log!
<<Boss Checklist>> ThoriumMod has added The Queen Jellyfish to the boss log!
<<Boss Checklist>> ThoriumMod has added Viscount to the boss log!
<<Boss Checklist>> ThoriumMod has added Corpse Bloom to the boss log!
<<Boss Checklist>> ThoriumMod has added Granite Energy Storm to the boss log!
<<Boss Checklist>> ThoriumMod has added Buried Champion to the boss log!
<<Boss Checklist>> ThoriumMod has added Star Scouter to the boss log!
<<Boss Checklist>> ThoriumMod has added Borean Strider to the boss log!
<<Boss Checklist>> ThoriumMod has added Coznix, the Fallen Beholder to the boss log!
<<Boss Checklist>> ThoriumMod has added The Lich to the boss log!
<<Boss Checklist>> ThoriumMod has added Abyssion, the Forgotten One to the boss log!
<<Boss Checklist>> ThoriumMod has added The Ragnarök to the boss log!
Loading: ThoriamityConvergence v0.2.1
Loading: WingSlot v1.7.3
Adding Recipes...
Terraria Server v1.3.5.2

Resetting game objects 1%
Resetting game objects 2%
Resetting game objects 3%
Resetting game objects 4%
Resetting game objects 5%
Resetting game objects 6%
Resetting game objects 7%
Resetting game objects 8%
Resetting game objects 9%
Resetting game objects 10%
Resetting game objects 11%
Resetting game objects 12%
Resetting game objects 13%
Resetting game objects 14%
Resetting game objects 15%
Resetting game objects 16%
Resetting game objects 17%
Resetting game objects 18%
Resetting game objects 19%
Resetting game objects 20%
Resetting game objects 21%
Resetting game objects 22%
Resetting game objects 23%
Resetting game objects 24%
Resetting game objects 25%
Resetting game objects 26%
Resetting game objects 27%
Resetting game objects 28%
Resetting game objects 29%
Resetting game objects 30%
Resetting game objects 31%
Resetting game objects 32%
Resetting game objects 33%
Resetting game objects 34%
Resetting game objects 35%
Resetting game objects 36%
Resetting game objects 37%
Resetting game objects 38%
Resetting game objects 39%
Resetting game objects 40%
Resetting game objects 41%
Resetting game objects 42%
Resetting game objects 43%
Resetting game objects 44%
Resetting game objects 45%
Resetting game objects 46%
Resetting game objects 47%
Resetting game objects 48%
Resetting game objects 49%
Resetting game objects 50%
Resetting game objects 51%
Resetting game objects 52%
Resetting game objects 53%
Resetting game objects 54%
Resetting game objects 55%
Resetting game objects 56%
Resetting game objects 57%
Resetting game objects 58%
Resetting game objects 59%
Resetting game objects 60%
Resetting game objects 61%
Resetting game objects 62%
Resetting game objects 63%
Resetting game objects 64%
Resetting game objects 65%
Resetting game objects 66%
Resetting game objects 67%
Resetting game objects 68%
Resetting game objects 69%
Resetting game objects 70%
Resetting game objects 71%
Resetting game objects 72%
Resetting game objects 73%
Resetting game objects 74%
Resetting game objects 75%
Resetting game objects 76%
Resetting game objects 77%
Resetting game objects 78%
Resetting game objects 79%
Resetting game objects 80%
Resetting game objects 81%
Resetting game objects 82%
Resetting game objects 83%
Resetting game objects 84%
Resetting game objects 85%
Resetting game objects 86%
Resetting game objects 87%
Resetting game objects 88%
Resetting game objects 89%
Resetting game objects 90%
Resetting game objects 91%
Resetting game objects 92%
Resetting game objects 93%
Resetting game objects 94%
Resetting game objects 95%
Resetting game objects 96%
Resetting game objects 97%
Resetting game objects 98%
Resetting game objects 99%
Resetting game objects 100%
Loading world data: 1%
Loading world data: 2%
Loading world data: 3%
Loading world data: 4%
Loading world data: 5%
Loading world data: 6%
Loading world data: 7%
Loading world data: 8%
Loading world data: 9%
Loading world data: 10%
Loading world data: 11%
Loading world data: 12%
Loading world data: 13%
Loading world data: 14%
Loading world data: 15%
Loading world data: 16%
Loading world data: 17%
Loading world data: 18%
Loading world data: 19%
Loading world data: 20%
Loading world data: 21%
Loading world data: 22%
Loading world data: 23%
Loading world data: 24%
Loading world data: 25%
Loading world data: 26%
Loading world data: 27%
Loading world data: 28%
Loading world data: 29%
Loading world data: 30%
Loading world data: 31%
Loading world data: 32%
Loading world data: 33%
Loading world data: 34%
Loading world data: 35%
Loading world data: 36%
Loading world data: 37%
Loading world data: 38%
Loading world data: 39%
Loading world data: 40%
Loading world data: 41%
Loading world data: 42%
Loading world data: 43%
Loading world data: 44%
Loading world data: 45%
Loading world data: 46%
Loading world data: 47%
Loading world data: 48%
Loading world data: 49%
Loading world data: 50%
Loading world data: 51%
Loading world data: 52%
Loading world data: 53%
Loading world data: 54%
Loading world data: 55%
Loading world data: 56%
Loading world data: 57%
Loading world data: 58%
Loading world data: 59%
Loading world data: 60%
Loading world data: 61%
Loading world data: 62%
Loading world data: 63%
Loading world data: 64%
Loading world data: 65%
Loading world data: 66%
Loading world data: 67%
Loading world data: 68%
Loading world data: 69%
Loading world data: 70%
Loading world data: 71%
Loading world data: 72%
Loading world data: 73%
Loading world data: 74%
Loading world data: 75%
Loading world data: 76%
Loading world data: 77%
Loading world data: 78%
Loading world data: 79%
Loading world data: 80%
Loading world data: 81%
Loading world data: 82%
Loading world data: 83%
Loading world data: 84%
Loading world data: 85%
Loading world data: 86%
Loading world data: 87%
Loading world data: 88%
Loading world data: 89%
Loading world data: 90%
Loading world data: 91%
Loading world data: 92%
Loading world data: 93%
Loading world data: 94%
Loading world data: 95%
Loading world data: 96%
Loading world data: 97%
Loading world data: 98%
Loading world data: 99%
Loading world data: 100%
Settling liquids 1%
Settling liquids 2%
Settling liquids 3%
Settling liquids 4%
Settling liquids 5%
Settling liquids 6%
Settling liquids 7%
Settling liquids 8%
Settling liquids 9%
Settling liquids 10%
Settling liquids 11%
Settling liquids 12%
Settling liquids 13%
Settling liquids 14%
Settling liquids 15%
Settling liquids 16%
Settling liquids 17%
Settling liquids 18%
Settling liquids 19%
Settling liquids 20%
Settling liquids 21%
Settling liquids 22%
Settling liquids 23%
Settling liquids 24%
Settling liquids 25%
Settling liquids 26%
Settling liquids 27%
Settling liquids 28%
Settling liquids 29%
Settling liquids 30%
Settling liquids 31%
Settling liquids 32%
Settling liquids 33%
Settling liquids 34%
Settling liquids 35%
Settling liquids 36%
Settling liquids 37%
Settling liquids 38%
Settling liquids 39%
Settling liquids 40%
Settling liquids 41%
Settling liquids 42%
Settling liquids 43%
Settling liquids 44%
Settling liquids 45%
Settling liquids 46%
Settling liquids 47%
Settling liquids 48%
Settling liquids 49%
Settling liquids 50%
Settling liquids 52%
Settling liquids 59%
Settling liquids 62%
Settling liquids 63%
Settling liquids 67%
Settling liquids 71%
Settling liquids 75%
Settling liquids 79%
Settling liquids 83%
Settling liquids 86%
Settling liquids 89%
Settling liquids 90%
Settling liquids 91%
Settling liquids 93%
Settling liquids 94%
Settling liquids 95%
Settling liquids 96%
Settling liquids 97%
Settling liquids 98%
Settling liquids 99%
Starting server...
Server started
Running one update...
Terraria Server v1.3.5.2

Listening on port 7777
Type 'help' for a list of commands.

: ﻿﻿Unloading mods...
Finding Mods...
Sandboxing: BossChecklist
Sandboxing: CalamityMod
Sandboxing: CalamityModMusic
Sandboxing: MagicStorage
Sandboxing: RecipeBrowser
Sandboxing: ThoriumMod
Sandboxing: ThoriamityConvergence
Sandboxing: WingSlot
Instantiating Mods...
Initializing: ModLoader v0.11.6.2
Initializing: BossChecklist v1.0.15
Initializing: CalamityMod v1.4.3.2
Initializing: CalamityModMusic v1.4.3.1
Initializing: MagicStorage v0.4.3.5
Initializing: RecipeBrowser v0.8.5.1
Initializing: ThoriumMod v1.6.2.0
Initializing: ThoriamityConvergence v0.2.1
Initializing: WingSlot v1.7.3
Setting up...
Loading: ModLoader v0.11.6.2
Loading: BossChecklist v1.0.15
Loading: CalamityMod v1.4.3.2
<<Boss Checklist>> CalamityMod has added Desert Scourge to the boss log!
<<Boss Checklist>> CalamityMod has added Giant Clam to the boss log!
<<Boss Checklist>> CalamityMod has added Crabulon to the boss log!
<<Boss Checklist>> CalamityMod has added Hive Mind to the boss log!
<<Boss Checklist>> CalamityMod has added The Perforators to the boss log!
<<Boss Checklist>> CalamityMod has added Slime God to the boss log!
<<Boss Checklist>> CalamityMod has added Cryogen to the boss log!
<<Boss Checklist>> CalamityMod has added Brimstone Elemental to the boss log!
<<Boss Checklist>> CalamityMod has added Aquatic Scourge to the boss log!
<<Boss Checklist>> CalamityMod has added Calamitas to the boss log!
<<Boss Checklist>> CalamityMod has added Great Sand Shark to the boss log!
<<Boss Checklist>> CalamityMod has added Leviathan to the boss log!
<<Boss Checklist>> CalamityMod has added Astrum Aureus to the boss log!
<<Boss Checklist>> CalamityMod has added Plaguebringer Goliath to the boss log!
<<Boss Checklist>> CalamityMod has added Ravager to the boss log!
<<Boss Checklist>> CalamityMod has added Astrum Deus to the boss log!
<<Boss Checklist>> CalamityMod has added Profaned Guardians to the boss log!
<<Boss Checklist>> CalamityMod has added Bumblebirb to the boss log!
<<Boss Checklist>> CalamityMod has added Providence to the boss log!
<<Boss Checklist>> CalamityMod has added Ceaseless Void to the boss log!
<<Boss Checklist>> CalamityMod has added Storm Weaver to the boss log!
<<Boss Checklist>> CalamityMod has added Signus to the boss log!
<<Boss Checklist>> CalamityMod has added Polterghast to the boss log!
<<Boss Checklist>> CalamityMod has added Devourer of Gods to the boss log!
<<Boss Checklist>> CalamityMod has added Yharon to the boss log!
<<Boss Checklist>> CalamityMod has added Supreme Calamitas to the boss log!
Loading: CalamityModMusic v1.4.3.1
Loading: MagicStorage v0.4.3.5
Loading: RecipeBrowser v0.8.5.1
Loading: ThoriumMod v1.6.2.0
<<Boss Checklist>> ThoriumMod has added The Grand Thunder Bird to the boss log!
<<Boss Checklist>> ThoriumMod has added Patch Werk to the boss log!
<<Boss Checklist>> ThoriumMod has added The Queen Jellyfish to the boss log!
<<Boss Checklist>> ThoriumMod has added Viscount to the boss log!
<<Boss Checklist>> ThoriumMod has added Corpse Bloom to the boss log!
<<Boss Checklist>> ThoriumMod has added Granite Energy Storm to the boss log!
<<Boss Checklist>> ThoriumMod has added Buried Champion to the boss log!
<<Boss Checklist>> ThoriumMod has added Star Scouter to the boss log!
<<Boss Checklist>> ThoriumMod has added Borean Strider to the boss log!
<<Boss Checklist>> ThoriumMod has added Coznix, the Fallen Beholder to the boss log!
<<Boss Checklist>> ThoriumMod has added The Lich to the boss log!
<<Boss Checklist>> ThoriumMod has added Abyssion, the Forgotten One to the boss log!
<<Boss Checklist>> ThoriumMod has added The Ragnarök to the boss log!
Loading: ThoriamityConvergence v0.2.1
Loading: WingSlot v1.7.3
Adding Recipes...
Terraria Server v1.3.5.2

Resetting game objects 1%
Resetting game objects 2%
Resetting game objects 3%
Resetting game objects 4%
Resetting game objects 5%
Resetting game objects 6%
Resetting game objects 7%
Resetting game objects 8%
Resetting game objects 9%
Resetting game objects 10%
Resetting game objects 11%
Resetting game objects 12%
Resetting game objects 13%
Resetting game objects 14%
Resetting game objects 15%
Resetting game objects 16%
Resetting game objects 17%
Resetting game objects 18%
Resetting game objects 19%
Resetting game objects 20%
Resetting game objects 21%
Resetting game objects 22%
Resetting game objects 23%
Resetting game objects 24%
Resetting game objects 25%
Resetting game objects 26%
Resetting game objects 27%
Resetting game objects 28%
Resetting game objects 29%
Resetting game objects 30%
Resetting game objects 31%
Resetting game objects 32%
Resetting game objects 33%
Resetting game objects 34%
Resetting game objects 35%
Resetting game objects 36%
Resetting game objects 37%
Resetting game objects 38%
Resetting game objects 39%
Resetting game objects 40%
Resetting game objects 41%
Resetting game objects 42%
Resetting game objects 43%
Resetting game objects 44%
Resetting game objects 45%
Resetting game objects 46%
Resetting game objects 47%
Resetting game objects 48%
Resetting game objects 49%
Resetting game objects 50%
Resetting game objects 51%
Resetting game objects 52%
Resetting game objects 53%
Resetting game objects 54%
Resetting game objects 55%
Resetting game objects 56%
Resetting game objects 57%
Resetting game objects 58%
Resetting game objects 59%
Resetting game objects 60%
Resetting game objects 61%
Resetting game objects 62%
Resetting game objects 63%
Resetting game objects 64%
Resetting game objects 65%
Resetting game objects 66%
Resetting game objects 67%
Resetting game objects 68%
Resetting game objects 69%
Resetting game objects 70%
Resetting game objects 71%
Resetting game objects 72%
Resetting game objects 73%
Resetting game objects 74%
Resetting game objects 75%
Resetting game objects 76%
Resetting game objects 77%
Resetting game objects 78%
Resetting game objects 79%
Resetting game objects 80%
Resetting game objects 81%
Resetting game objects 82%
Resetting game objects 83%
Resetting game objects 84%
Resetting game objects 85%
Resetting game objects 86%
Resetting game objects 87%
Resetting game objects 88%
Resetting game objects 89%
Resetting game objects 90%
Resetting game objects 91%
Resetting game objects 92%
Resetting game objects 93%
Resetting game objects 94%
Resetting game objects 95%
Resetting game objects 96%
Resetting game objects 97%
Resetting game objects 98%
Resetting game objects 99%
Resetting game objects 100%
Loading world data: 1%
Loading world data: 2%
Loading world data: 3%
Loading world data: 4%
Loading world data: 5%
Loading world data: 6%
Loading world data: 7%
Loading world data: 8%
Loading world data: 9%
Loading world data: 10%
Loading world data: 11%
Loading world data: 12%
Loading world data: 13%
Loading world data: 14%
Loading world data: 15%
Loading world data: 16%
Loading world data: 17%
Loading world data: 18%
Loading world data: 19%
Loading world data: 20%
Loading world data: 21%
Loading world data: 22%
Loading world data: 23%
Loading world data: 24%
Loading world data: 25%
Loading world data: 26%
Loading world data: 27%
Loading world data: 28%
Loading world data: 29%
Loading world data: 30%
Loading world data: 31%
Loading world data: 32%
Loading world data: 33%
Loading world data: 34%
Loading world data: 35%
Loading world data: 36%
Loading world data: 37%
Loading world data: 38%
Loading world data: 39%
Loading world data: 40%
Loading world data: 41%
Loading world data: 42%
Loading world data: 43%
Loading world data: 44%
Loading world data: 45%
Loading world data: 46%
Loading world data: 47%
Loading world data: 48%
Loading world data: 49%
Loading world data: 50%
Loading world data: 51%
Loading world data: 52%
Loading world data: 53%
Loading world data: 54%
Loading world data: 55%
Loading world data: 56%
Loading world data: 57%
Loading world data: 58%
Loading world data: 59%
Loading world data: 60%
Loading world data: 61%
Loading world data: 62%
Loading world data: 63%
Loading world data: 64%
Loading world data: 65%
Loading world data: 66%
Loading world data: 67%
Loading world data: 68%
Loading world data: 69%
Loading world data: 70%
Loading world data: 71%
Loading world data: 72%
Loading world data: 73%
Loading world data: 74%
Loading world data: 75%
Loading world data: 76%
Loading world data: 77%
Loading world data: 78%
Loading world data: 79%
Loading world data: 80%
Loading world data: 81%
Loading world data: 82%
Loading world data: 83%
Loading world data: 84%
Loading world data: 85%
Loading world data: 86%
Loading world data: 87%
Loading world data: 88%
Loading world data: 89%
Loading world data: 90%
Loading world data: 91%
Loading world data: 92%
Loading world data: 93%
Loading world data: 94%
Loading world data: 95%
Loading world data: 96%
Loading world data: 97%
Loading world data: 98%
Loading world data: 99%
Loading world data: 100%
Settling liquids 1%
Settling liquids 2%
Settling liquids 3%
Settling liquids 4%
Settling liquids 5%
Settling liquids 6%
Settling liquids 7%
Settling liquids 8%
Settling liquids 9%
Settling liquids 10%
Settling liquids 11%
Settling liquids 12%
Settling liquids 13%
Settling liquids 14%
Settling liquids 15%
Settling liquids 16%
Settling liquids 17%
Settling liquids 18%
Settling liquids 19%
Settling liquids 20%
Settling liquids 21%
Settling liquids 22%
Settling liquids 23%
Settling liquids 24%
Settling liquids 25%
Settling liquids 26%
Settling liquids 27%
Settling liquids 28%
Settling liquids 29%
Settling liquids 30%
Settling liquids 31%
Settling liquids 32%
Settling liquids 33%
Settling liquids 34%
Settling liquids 35%
Settling liquids 36%
Settling liquids 37%
Settling liquids 38%
Settling liquids 39%
Settling liquids 40%
Settling liquids 41%
Settling liquids 42%
Settling liquids 43%
Settling liquids 44%
Settling liquids 45%
Settling liquids 46%
Settling liquids 47%
Settling liquids 48%
Settling liquids 49%
Settling liquids 50%
Settling liquids 52%
Settling liquids 59%
Settling liquids 62%
Settling liquids 63%
Settling liquids 67%
Settling liquids 71%
Settling liquids 75%
Settling liquids 79%
Settling liquids 83%
Settling liquids 86%
Settling liquids 89%
Settling liquids 90%
Settling liquids 91%
Settling liquids 93%
Settling liquids 94%
Settling liquids 95%
Settling liquids 96%
Settling liquids 97%
Settling liquids 98%
Settling liquids 99%
Starting server...
Server started
Running one update...
Terraria Server v1.3.5.2

Listening on port 7777
Type 'help' for a list of commands.

: 